<?xml version="1.0" encoding="UTF-8" ?>
<testsuite errors="0" failures="0" hostname="DESKTOP-OL5CKUH" name="com.flatironschool.javacs.MyArrayListTest" skipped="0" tests="19" time="0.078" timestamp="2016-04-18T01:21:34">
  <properties>
[...]
</properties>
  <testcase classname="com.flatironschool.javacs.MyArrayListTest" name="testToArray" time="0.003" />
  <testcase classname="com.flatironschool.javacs.MyArrayListTest" name="testAddIntT" time="0.0" />
  <testcase classname="com.flatironschool.javacs.MyArrayListTest" name="testGet" time="0.0" />
  <testcase classname="com.flatironschool.javacs.MyArrayListTest" name="testSet" time="0.0" />
  <testcase classname="com.flatironschool.javacs.MyArrayListTest" name="testAddAllCollectionOfQextendsT" time="0.0" />
  <testcase classname="com.flatironschool.javacs.MyArrayListTest" name="testClear" time="0.0" />
  <testcase classname="com.flatironschool.javacs.MyArrayListTest" name="testAddT" time="0.0" />
  <testcase classname="com.flatironschool.javacs.MyArrayListTest" name="testSize" time="0.0" />
  <testcase classname="com.flatironschool.javacs.MyArrayListTest" name="testLastIndexOf" time="0.0" />
  <testcase classname="com.flatironschool.javacs.MyArrayListTest" name="testMyArrayList" time="0.0" />
  <testcase classname="com.flatironschool.javacs.MyArrayListTest" name="testContainsAll" time="0.0" />
  <testcase classname="com.flatironschool.javacs.MyArrayListTest" name="testRemoveObject" time="0.0" />
  <testcase classname="com.flatironschool.javacs.MyArrayListTest" name="testContains" time="0.0" />
  <testcase classname="com.flatironschool.javacs.MyArrayListTest" name="testIndexOf" time="0.0" />
  <testcase classname="com.flatironschool.javacs.MyArrayListTest" name="testIsEmpty" time="0.0" />
  <testcase classname="com.flatironschool.javacs.MyArrayListTest" name="testIterator" time="0.0" />
  <testcase classname="com.flatironschool.javacs.MyArrayListTest" name="testRemoveAll" time="0.0" />
  <testcase classname="com.flatironschool.javacs.MyArrayListTest" name="testRemoveInt" time="0.0" />
  <testcase classname="com.flatironschool.javacs.MyArrayListTest" name="testSubList" time="0.0" />
  <system-out><![CDATA[]]></system-out>
  <system-err><![CDATA[]]></system-err>
</testsuite>
